SF:/Users/tjarvstrand/src/wheatley/lib/wheatley.dart
DA:11,0
DA:14,2
DA:18,2
DA:19,2
DA:25,1
DA:26,2
DA:27,3
DA:28,2
DA:29,1
DA:30,1
DA:33,0
DA:37,0
DA:39,0
DA:44,0
DA:46,0
DA:52,0
DA:54,0
DA:61,0
DA:63,0
DA:72,0
DA:73,0
DA:76,0
DA:86,0
DA:87,0
DA:89,0
DA:91,0
DA:102,0
DA:103,0
DA:105,0
DA:108,0
DA:112,0
DA:116,0
DA:120,0
DA:121,0
DA:125,0
DA:126,0
DA:130,0
DA:131,0
DA:136,0
DA:137,0
LF:40
LH:9
end_of_record
SF:/Users/tjarvstrand/src/wheatley/lib/src/explore_config.dart
DA:3,6
DA:7,4
DA:8,2
DA:9,2
DA:10,2
DA:24,6
LF:6
LH:6
end_of_record
SF:/Users/tjarvstrand/src/wheatley/lib/src/generator.dart
DA:15,8
DA:17,1
DA:18,5
DA:20,0
DA:21,0
DA:23,4
DA:25,5
DA:27,0
DA:28,0
DA:29,0
DA:30,0
DA:36,2
DA:40,14
DA:42,4
DA:43,4
DA:45,4
DA:47,1
DA:55,0
DA:56,0
DA:61,0
DA:62,0
DA:70,0
DA:71,0
DA:80,0
DA:81,0
DA:82,0
DA:92,0
DA:93,0
DA:94,0
DA:95,0
DA:96,0
DA:97,0
DA:98,0
DA:99,0
DA:108,0
DA:109,0
DA:110,0
DA:111,0
DA:112,0
DA:113,0
DA:114,0
DA:115,0
DA:116,0
DA:135,0
DA:136,0
DA:137,0
DA:138,0
DA:139,0
DA:140,0
DA:141,0
DA:142,0
DA:143,0
DA:144,0
DA:153,2
DA:157,10
DA:158,6
LF:56
LH:14
end_of_record
SF:/Users/tjarvstrand/src/wheatley/lib/src/shrinkable.dart
DA:7,4
DA:12,0
DA:26,12
DA:30,1
DA:36,1
DA:37,0
DA:39,0
DA:42,0
DA:48,1
DA:52,2
DA:53,16
DA:56,0
DA:57,0
DA:60,1
DA:61,10
DA:67,5
DA:68,1
DA:69,1
DA:70,3
DA:72,1
DA:73,5
DA:79,2
DA:81,2
DA:82,4
DA:83,2
LF:25
LH:19
end_of_record
SF:/Users/tjarvstrand/src/wheatley/lib/src/generators.dart
DA:11,2
DA:12,2
DA:13,5
DA:14,2
DA:17,15
DA:20,0
DA:22,5
DA:28,2
DA:29,4
DA:30,2
DA:31,2
DA:32,1
DA:34,6
DA:36,2
DA:37,6
DA:38,2
DA:47,0
DA:48,0
DA:49,0
DA:50,0
DA:51,0
DA:53,0
DA:55,0
DA:56,0
DA:57,0
DA:62,2
DA:63,2
DA:64,2
DA:65,2
DA:67,0
DA:68,0
DA:69,0
DA:70,0
DA:71,0
DA:72,0
DA:73,0
DA:74,0
DA:83,0
DA:84,0
DA:85,0
DA:86,0
DA:87,0
DA:88,0
DA:90,0
DA:91,0
DA:93,0
DA:94,0
DA:97,0
DA:98,0
DA:99,0
DA:100,0
DA:101,0
DA:102,0
DA:103,0
DA:104,0
DA:105,0
DA:106,0
DA:107,0
DA:108,0
DA:111,0
DA:113,0
DA:114,0
DA:115,0
DA:116,0
DA:117,0
DA:124,1
DA:125,1
DA:126,1
DA:128,2
DA:129,1
DA:130,1
DA:133,1
DA:134,5
DA:135,0
DA:136,0
DA:138,0
DA:144,1
DA:145,2
DA:146,2
DA:147,1
DA:148,1
DA:150,2
DA:151,2
DA:154,4
DA:155,3
DA:156,4
DA:158,2
DA:159,1
DA:162,3
DA:164,3
DA:165,2
DA:168,4
DA:169,5
DA:175,1
DA:176,2
DA:177,2
DA:180,3
DA:184,1
DA:185,1
DA:186,2
DA:187,1
DA:190,4
DA:191,3
DA:192,8
DA:193,4
DA:195,3
DA:196,1
DA:199,3
DA:201,3
DA:202,3
DA:205,4
DA:206,6
DA:212,0
DA:213,0
DA:220,2
DA:221,1
DA:222,1
DA:223,1
DA:230,2
DA:231,1
DA:232,1
DA:233,3
DA:244,2
DA:245,3
DA:248,3
DA:251,0
DA:252,0
LF:127
LH:74
end_of_record
