SF:/Users/tjarvstrand/src/wheatley/lib/wheatley.dart
DA:11,0
DA:14,2
DA:18,2
DA:19,2
DA:25,1
DA:26,2
DA:27,3
DA:28,2
DA:29,1
DA:30,1
DA:33,0
DA:37,0
DA:39,0
DA:44,0
DA:46,0
DA:52,0
DA:54,0
DA:61,0
DA:63,0
DA:72,0
DA:73,0
DA:76,0
DA:86,0
DA:87,0
DA:89,0
DA:91,0
DA:102,0
DA:103,0
DA:105,0
DA:108,0
DA:112,0
DA:116,0
DA:120,0
DA:121,0
DA:125,0
DA:126,0
DA:130,0
DA:131,0
DA:136,0
DA:137,0
LF:40
LH:9
end_of_record
SF:/Users/tjarvstrand/src/wheatley/lib/src/explore_config.dart
DA:3,6
DA:7,3
DA:8,0
DA:9,0
DA:10,0
DA:24,6
LF:6
LH:3
end_of_record
SF:/Users/tjarvstrand/src/wheatley/lib/src/generator.dart
DA:15,4
DA:17,1
DA:18,5
DA:20,0
DA:21,0
DA:23,4
DA:25,5
DA:30,2
DA:34,14
DA:36,4
DA:37,4
DA:39,4
DA:41,1
DA:49,0
DA:50,0
DA:55,0
DA:56,0
DA:64,0
DA:65,0
DA:74,0
DA:75,0
DA:76,0
DA:86,0
DA:87,0
DA:88,0
DA:89,0
DA:90,0
DA:91,0
DA:92,0
DA:93,0
DA:102,0
DA:103,0
DA:104,0
DA:105,0
DA:106,0
DA:107,0
DA:108,0
DA:109,0
DA:110,0
DA:129,0
DA:130,0
DA:131,0
DA:132,0
DA:133,0
DA:134,0
DA:135,0
DA:136,0
DA:137,0
DA:138,0
DA:147,2
DA:151,10
DA:152,6
LF:52
LH:14
end_of_record
SF:/Users/tjarvstrand/src/wheatley/lib/src/shrinkable.dart
DA:7,4
DA:12,0
DA:26,12
DA:30,1
DA:36,1
DA:37,0
DA:39,0
DA:42,0
DA:48,1
DA:52,2
DA:53,16
DA:56,0
DA:57,0
DA:60,1
DA:61,10
DA:67,5
DA:68,1
DA:69,1
DA:70,3
DA:72,1
DA:73,5
DA:79,2
DA:81,2
DA:82,4
DA:83,2
LF:25
LH:19
end_of_record
SF:/Users/tjarvstrand/src/wheatley/lib/src/generators.dart
DA:9,15
DA:12,0
DA:14,5
DA:20,2
DA:21,3
DA:22,2
DA:23,2
DA:24,1
DA:26,4
DA:27,2
DA:29,2
DA:30,6
DA:31,2
DA:40,0
DA:41,0
DA:42,0
DA:43,0
DA:44,0
DA:46,0
DA:48,0
DA:49,0
DA:50,0
DA:55,0
DA:56,0
DA:57,0
DA:58,0
DA:60,0
DA:61,0
DA:62,0
DA:63,0
DA:64,0
DA:65,0
DA:66,0
DA:68,0
DA:69,0
DA:70,0
DA:71,0
DA:72,0
DA:73,0
DA:75,0
DA:76,0
DA:78,0
DA:79,0
DA:82,0
DA:83,0
DA:84,0
DA:85,0
DA:86,0
DA:87,0
DA:88,0
DA:89,0
DA:90,0
DA:91,0
DA:92,0
DA:93,0
DA:96,0
DA:98,0
DA:99,0
DA:100,0
DA:101,0
DA:102,0
DA:109,0
DA:110,0
DA:111,0
DA:113,0
DA:114,0
DA:115,0
DA:118,0
DA:119,0
DA:120,0
DA:121,0
DA:123,0
DA:129,2
DA:130,2
DA:131,2
DA:134,2
DA:135,2
DA:138,4
DA:139,3
DA:140,4
DA:142,2
DA:143,1
DA:146,3
DA:148,3
DA:149,2
DA:152,4
DA:153,5
LF:87
LH:27
end_of_record
